

Started GET "/welcome/index" for 127.0.0.1 at 2014-10-15 21:14:00 +0800
Connecting to database specified by database.yml
Processing by WelcomeController#index as HTML
  Rendered welcome/index.html.erb within layouts/application (15.0ms)
Warning. Error encountered while saving cache C:/Sites/blog/tmp/cache/sass/67c21fab97d6261650fe1d088438bd3e87d0ff39/welcome.css.scssc: can't dump anonymous class #<Class:0x40ae920>
Compiled welcome.css  (3ms)  (pid 105140)
Compiled application.css  (24ms)  (pid 105140)
Compiled jquery.js  (1ms)  (pid 105140)
Compiled jquery_ujs.js  (0ms)  (pid 105140)
Compiled welcome.js  (191ms)  (pid 105140)
Compiled application.js  (244ms)  (pid 105140)
Completed 200 OK in 355.0ms (Views: 355.0ms | ActiveRecord: 0.0ms)


Started GET "/assets/welcome.css?body=1" for 127.0.0.1 at 2014-10-15 21:14:00 +0800
Served asset /welcome.css - 304 Not Modified (1ms)


Started GET "/assets/application.css?body=1" for 127.0.0.1 at 2014-10-15 21:14:00 +0800
Served asset /application.css - 304 Not Modified (2ms)


Started GET "/assets/jquery.js?body=1" for 127.0.0.1 at 2014-10-15 21:14:00 +0800
Served asset /jquery.js - 304 Not Modified (2ms)


Started GET "/assets/jquery_ujs.js?body=1" for 127.0.0.1 at 2014-10-15 21:14:00 +0800
Served asset /jquery_ujs.js - 304 Not Modified (1ms)


Started GET "/assets/welcome.js?body=1" for 127.0.0.1 at 2014-10-15 21:14:00 +0800
Served asset /welcome.js - 304 Not Modified (2ms)


Started GET "/assets/application.js?body=1" for 127.0.0.1 at 2014-10-15 21:14:00 +0800
Served asset /application.js - 304 Not Modified (13ms)
Connecting to database specified by database.yml
Connecting to database specified by database.yml


Started GET "/articles/new" for 127.0.0.1 at 2014-10-15 21:15:15 +0800

ActionController::RoutingError (uninitialized constant ArticlesController):
  activesupport (3.2.19) lib/active_support/inflector/methods.rb:230:in `block in constantize'
  activesupport (3.2.19) lib/active_support/inflector/methods.rb:229:in `each'
  activesupport (3.2.19) lib/active_support/inflector/methods.rb:229:in `constantize'
  actionpack (3.2.19) lib/action_dispatch/routing/route_set.rb:69:in `controller_reference'
  actionpack (3.2.19) lib/action_dispatch/routing/route_set.rb:54:in `controller'
  actionpack (3.2.19) lib/action_dispatch/routing/route_set.rb:32:in `call'
  journey (1.0.4) lib/journey/router.rb:68:in `block in call'
  journey (1.0.4) lib/journey/router.rb:56:in `each'
  journey (1.0.4) lib/journey/router.rb:56:in `call'
  actionpack (3.2.19) lib/action_dispatch/routing/route_set.rb:608:in `call'
  actionpack (3.2.19) lib/action_dispatch/middleware/best_standards_support.rb:17:in `call'
  rack (1.4.5) lib/rack/etag.rb:23:in `call'
  rack (1.4.5) lib/rack/conditionalget.rb:25:in `call'
  actionpack (3.2.19) lib/action_dispatch/middleware/head.rb:14:in `call'
  actionpack (3.2.19) lib/action_dispatch/middleware/params_parser.rb:21:in `call'
  actionpack (3.2.19) lib/action_dispatch/middleware/flash.rb:242:in `call'
  rack (1.4.5) lib/rack/session/abstract/id.rb:210:in `context'
  rack (1.4.5) lib/rack/session/abstract/id.rb:205:in `call'
  actionpack (3.2.19) lib/action_dispatch/middleware/cookies.rb:341:in `call'
  activerecord (3.2.19) lib/active_record/query_cache.rb:64:in `call'
  activerecord (3.2.19) lib/active_record/connection_adapters/abstract/connection_pool.rb:479:in `call'
  actionpack (3.2.19) lib/action_dispatch/middleware/callbacks.rb:28:in `block in call'
  activesupport (3.2.19) lib/active_support/callbacks.rb:405:in `_run__171685357__call__652031637__callbacks'
  activesupport (3.2.19) lib/active_support/callbacks.rb:405:in `__run_callback'
  activesupport (3.2.19) lib/active_support/callbacks.rb:385:in `_run_call_callbacks'
  activesupport (3.2.19) lib/active_support/callbacks.rb:81:in `run_callbacks'
  actionpack (3.2.19) lib/action_dispatch/middleware/callbacks.rb:27:in `call'
  actionpack (3.2.19) lib/action_dispatch/middleware/reloader.rb:65:in `call'
  actionpack (3.2.19) lib/action_dispatch/middleware/remote_ip.rb:31:in `call'
  actionpack (3.2.19) lib/action_dispatch/middleware/debug_exceptions.rb:16:in `call'
  actionpack (3.2.19) lib/action_dispatch/middleware/show_exceptions.rb:56:in `call'
  railties (3.2.19) lib/rails/rack/logger.rb:32:in `call_app'
  railties (3.2.19) lib/rails/rack/logger.rb:16:in `block in call'
  activesupport (3.2.19) lib/active_support/tagged_logging.rb:22:in `tagged'
  railties (3.2.19) lib/rails/rack/logger.rb:16:in `call'
  actionpack (3.2.19) lib/action_dispatch/middleware/request_id.rb:22:in `call'
  rack (1.4.5) lib/rack/methodoverride.rb:21:in `call'
  rack (1.4.5) lib/rack/runtime.rb:17:in `call'
  activesupport (3.2.19) lib/active_support/cache/strategy/local_cache.rb:72:in `call'
  rack (1.4.5) lib/rack/lock.rb:15:in `call'
  actionpack (3.2.19) lib/action_dispatch/middleware/static.rb:63:in `call'
  railties (3.2.19) lib/rails/engine.rb:484:in `call'
  railties (3.2.19) lib/rails/application.rb:231:in `call'
  rack (1.4.5) lib/rack/content_length.rb:14:in `call'
  railties (3.2.19) lib/rails/rack/log_tailer.rb:17:in `call'
  rack (1.4.5) lib/rack/handler/webrick.rb:59:in `service'
  C:/RailsInstaller/Ruby1.9.3/lib/ruby/1.9.1/webrick/httpserver.rb:138:in `service'
  C:/RailsInstaller/Ruby1.9.3/lib/ruby/1.9.1/webrick/httpserver.rb:94:in `run'
  C:/RailsInstaller/Ruby1.9.3/lib/ruby/1.9.1/webrick/server.rb:191:in `block in start_thread'


  Rendered C:/RailsInstaller/Ruby1.9.3/lib/ruby/gems/1.9.1/gems/actionpack-3.2.19/lib/action_dispatch/middleware/templates/rescues/routing_error.erb within rescues/layout (0.0ms)


Started GET "/articles/new" for 127.0.0.1 at 2014-10-15 21:17:23 +0800

AbstractController::ActionNotFound (The action 'new' could not be found for ArticlesController):
  actionpack (3.2.19) lib/abstract_controller/base.rb:116:in `process'
  actionpack (3.2.19) lib/abstract_controller/rendering.rb:45:in `process'
  actionpack (3.2.19) lib/action_controller/metal.rb:203:in `dispatch'
  actionpack (3.2.19) lib/action_controller/metal/rack_delegation.rb:14:in `dispatch'
  actionpack (3.2.19) lib/action_controller/metal.rb:246:in `block in action'
  actionpack (3.2.19) lib/action_dispatch/routing/route_set.rb:73:in `call'
  actionpack (3.2.19) lib/action_dispatch/routing/route_set.rb:73:in `dispatch'
  actionpack (3.2.19) lib/action_dispatch/routing/route_set.rb:36:in `call'
  journey (1.0.4) lib/journey/router.rb:68:in `block in call'
  journey (1.0.4) lib/journey/router.rb:56:in `each'
  journey (1.0.4) lib/journey/router.rb:56:in `call'
  actionpack (3.2.19) lib/action_dispatch/routing/route_set.rb:608:in `call'
  actionpack (3.2.19) lib/action_dispatch/middleware/best_standards_support.rb:17:in `call'
  rack (1.4.5) lib/rack/etag.rb:23:in `call'
  rack (1.4.5) lib/rack/conditionalget.rb:25:in `call'
  actionpack (3.2.19) lib/action_dispatch/middleware/head.rb:14:in `call'
  actionpack (3.2.19) lib/action_dispatch/middleware/params_parser.rb:21:in `call'
  actionpack (3.2.19) lib/action_dispatch/middleware/flash.rb:242:in `call'
  rack (1.4.5) lib/rack/session/abstract/id.rb:210:in `context'
  rack (1.4.5) lib/rack/session/abstract/id.rb:205:in `call'
  actionpack (3.2.19) lib/action_dispatch/middleware/cookies.rb:341:in `call'
  activerecord (3.2.19) lib/active_record/query_cache.rb:64:in `call'
  activerecord (3.2.19) lib/active_record/connection_adapters/abstract/connection_pool.rb:479:in `call'
  actionpack (3.2.19) lib/action_dispatch/middleware/callbacks.rb:28:in `block in call'
  activesupport (3.2.19) lib/active_support/callbacks.rb:405:in `_run__171685357__call__652031637__callbacks'
  activesupport (3.2.19) lib/active_support/callbacks.rb:405:in `__run_callback'
  activesupport (3.2.19) lib/active_support/callbacks.rb:385:in `_run_call_callbacks'
  activesupport (3.2.19) lib/active_support/callbacks.rb:81:in `run_callbacks'
  actionpack (3.2.19) lib/action_dispatch/middleware/callbacks.rb:27:in `call'
  actionpack (3.2.19) lib/action_dispatch/middleware/reloader.rb:65:in `call'
  actionpack (3.2.19) lib/action_dispatch/middleware/remote_ip.rb:31:in `call'
  actionpack (3.2.19) lib/action_dispatch/middleware/debug_exceptions.rb:16:in `call'
  actionpack (3.2.19) lib/action_dispatch/middleware/show_exceptions.rb:56:in `call'
  railties (3.2.19) lib/rails/rack/logger.rb:32:in `call_app'
  railties (3.2.19) lib/rails/rack/logger.rb:16:in `block in call'
  activesupport (3.2.19) lib/active_support/tagged_logging.rb:22:in `tagged'
  railties (3.2.19) lib/rails/rack/logger.rb:16:in `call'
  actionpack (3.2.19) lib/action_dispatch/middleware/request_id.rb:22:in `call'
  rack (1.4.5) lib/rack/methodoverride.rb:21:in `call'
  rack (1.4.5) lib/rack/runtime.rb:17:in `call'
  activesupport (3.2.19) lib/active_support/cache/strategy/local_cache.rb:72:in `call'
  rack (1.4.5) lib/rack/lock.rb:15:in `call'
  actionpack (3.2.19) lib/action_dispatch/middleware/static.rb:63:in `call'
  railties (3.2.19) lib/rails/engine.rb:484:in `call'
  railties (3.2.19) lib/rails/application.rb:231:in `call'
  rack (1.4.5) lib/rack/content_length.rb:14:in `call'
  railties (3.2.19) lib/rails/rack/log_tailer.rb:17:in `call'
  rack (1.4.5) lib/rack/handler/webrick.rb:59:in `service'
  C:/RailsInstaller/Ruby1.9.3/lib/ruby/1.9.1/webrick/httpserver.rb:138:in `service'
  C:/RailsInstaller/Ruby1.9.3/lib/ruby/1.9.1/webrick/httpserver.rb:94:in `run'
  C:/RailsInstaller/Ruby1.9.3/lib/ruby/1.9.1/webrick/server.rb:191:in `block in start_thread'


  Rendered C:/RailsInstaller/Ruby1.9.3/lib/ruby/gems/1.9.1/gems/actionpack-3.2.19/lib/action_dispatch/middleware/templates/rescues/unknown_action.erb within rescues/layout (0.0ms)


Started GET "/articles/new" for 127.0.0.1 at 2014-10-15 21:18:01 +0800
Processing by ArticlesController#new as HTML
Completed 500 Internal Server Error in 6.0ms

ActionView::MissingTemplate (Missing template articles/new, application/new with {:locale=>[:en], :formats=>[:html], :handlers=>[:erb, :builder, :coffee]}. Searched in:
  * "C:/Sites/blog/app/views"
):
  actionpack (3.2.19) lib/action_view/path_set.rb:58:in `find'
  actionpack (3.2.19) lib/action_view/lookup_context.rb:122:in `find'
  C:in `find_template'
  actionpack (3.2.19) lib/action_view/renderer/template_renderer.rb:34:in `determine_template'
  actionpack (3.2.19) lib/action_view/renderer/template_renderer.rb:10:in `render'
  actionpack (3.2.19) lib/action_view/renderer/renderer.rb:36:in `render_template'
  actionpack (3.2.19) lib/action_view/renderer/renderer.rb:17:in `render'
  actionpack (3.2.19) lib/abstract_controller/rendering.rb:110:in `_render_template'
  actionpack (3.2.19) lib/action_controller/metal/streaming.rb:225:in `_render_template'
  actionpack (3.2.19) lib/abstract_controller/rendering.rb:103:in `render_to_body'
  actionpack (3.2.19) lib/action_controller/metal/renderers.rb:28:in `render_to_body'
  actionpack (3.2.19) lib/action_controller/metal/compatibility.rb:50:in `render_to_body'
  actionpack (3.2.19) lib/abstract_controller/rendering.rb:88:in `render'
  actionpack (3.2.19) lib/action_controller/metal/rendering.rb:16:in `render'
  actionpack (3.2.19) lib/action_controller/metal/instrumentation.rb:40:in `block (2 levels) in render'
  activesupport (3.2.19) lib/active_support/core_ext/benchmark.rb:5:in `block in ms'
  C:/RailsInstaller/Ruby1.9.3/lib/ruby/1.9.1/benchmark.rb:295:in `realtime'
  activesupport (3.2.19) lib/active_support/core_ext/benchmark.rb:5:in `ms'
  actionpack (3.2.19) lib/action_controller/metal/instrumentation.rb:40:in `block in render'
  actionpack (3.2.19) lib/action_controller/metal/instrumentation.rb:83:in `cleanup_view_runtime'
  activerecord (3.2.19) lib/active_record/railties/controller_runtime.rb:24:in `cleanup_view_runtime'
  actionpack (3.2.19) lib/action_controller/metal/instrumentation.rb:39:in `render'
  actionpack (3.2.19) lib/action_controller/metal/implicit_render.rb:10:in `default_render'
  actionpack (3.2.19) lib/action_controller/metal/implicit_render.rb:5:in `send_action'
  actionpack (3.2.19) lib/abstract_controller/base.rb:167:in `process_action'
  actionpack (3.2.19) lib/action_controller/metal/rendering.rb:10:in `process_action'
  actionpack (3.2.19) lib/abstract_controller/callbacks.rb:18:in `block in process_action'
  activesupport (3.2.19) lib/active_support/callbacks.rb:414:in `_run__918141242__process_action__740569235__callbacks'
  activesupport (3.2.19) lib/active_support/callbacks.rb:405:in `__run_callback'
  activesupport (3.2.19) lib/active_support/callbacks.rb:385:in `_run_process_action_callbacks'
  activesupport (3.2.19) lib/active_support/callbacks.rb:81:in `run_callbacks'
  actionpack (3.2.19) lib/abstract_controller/callbacks.rb:17:in `process_action'
  actionpack (3.2.19) lib/action_controller/metal/rescue.rb:29:in `process_action'
  actionpack (3.2.19) lib/action_controller/metal/instrumentation.rb:30:in `block in process_action'
  activesupport (3.2.19) lib/active_support/notifications.rb:123:in `block in instrument'
  activesupport (3.2.19) lib/active_support/notifications/instrumenter.rb:20:in `instrument'
  activesupport (3.2.19) lib/active_support/notifications.rb:123:in `instrument'
  actionpack (3.2.19) lib/action_controller/metal/instrumentation.rb:29:in `process_action'
  actionpack (3.2.19) lib/action_controller/metal/params_wrapper.rb:207:in `process_action'
  activerecord (3.2.19) lib/active_record/railties/controller_runtime.rb:18:in `process_action'
  actionpack (3.2.19) lib/abstract_controller/base.rb:121:in `process'
  actionpack (3.2.19) lib/abstract_controller/rendering.rb:45:in `process'
  actionpack (3.2.19) lib/action_controller/metal.rb:203:in `dispatch'
  actionpack (3.2.19) lib/action_controller/metal/rack_delegation.rb:14:in `dispatch'
  actionpack (3.2.19) lib/action_controller/metal.rb:246:in `block in action'
  actionpack (3.2.19) lib/action_dispatch/routing/route_set.rb:73:in `call'
  actionpack (3.2.19) lib/action_dispatch/routing/route_set.rb:73:in `dispatch'
  actionpack (3.2.19) lib/action_dispatch/routing/route_set.rb:36:in `call'
  journey (1.0.4) lib/journey/router.rb:68:in `block in call'
  journey (1.0.4) lib/journey/router.rb:56:in `each'
  journey (1.0.4) lib/journey/router.rb:56:in `call'
  actionpack (3.2.19) lib/action_dispatch/routing/route_set.rb:608:in `call'
  actionpack (3.2.19) lib/action_dispatch/middleware/best_standards_support.rb:17:in `call'
  rack (1.4.5) lib/rack/etag.rb:23:in `call'
  rack (1.4.5) lib/rack/conditionalget.rb:25:in `call'
  actionpack (3.2.19) lib/action_dispatch/middleware/head.rb:14:in `call'
  actionpack (3.2.19) lib/action_dispatch/middleware/params_parser.rb:21:in `call'
  actionpack (3.2.19) lib/action_dispatch/middleware/flash.rb:242:in `call'
  rack (1.4.5) lib/rack/session/abstract/id.rb:210:in `context'
  rack (1.4.5) lib/rack/session/abstract/id.rb:205:in `call'
  actionpack (3.2.19) lib/action_dispatch/middleware/cookies.rb:341:in `call'
  activerecord (3.2.19) lib/active_record/query_cache.rb:64:in `call'
  activerecord (3.2.19) lib/active_record/connection_adapters/abstract/connection_pool.rb:479:in `call'
  actionpack (3.2.19) lib/action_dispatch/middleware/callbacks.rb:28:in `block in call'
  activesupport (3.2.19) lib/active_support/callbacks.rb:405:in `_run__171685357__call__652031637__callbacks'
  activesupport (3.2.19) lib/active_support/callbacks.rb:405:in `__run_callback'
  activesupport (3.2.19) lib/active_support/callbacks.rb:385:in `_run_call_callbacks'
  activesupport (3.2.19) lib/active_support/callbacks.rb:81:in `run_callbacks'
  actionpack (3.2.19) lib/action_dispatch/middleware/callbacks.rb:27:in `call'
  actionpack (3.2.19) lib/action_dispatch/middleware/reloader.rb:65:in `call'
  actionpack (3.2.19) lib/action_dispatch/middleware/remote_ip.rb:31:in `call'
  actionpack (3.2.19) lib/action_dispatch/middleware/debug_exceptions.rb:16:in `call'
  actionpack (3.2.19) lib/action_dispatch/middleware/show_exceptions.rb:56:in `call'
  railties (3.2.19) lib/rails/rack/logger.rb:32:in `call_app'
  railties (3.2.19) lib/rails/rack/logger.rb:16:in `block in call'
  activesupport (3.2.19) lib/active_support/tagged_logging.rb:22:in `tagged'
  railties (3.2.19) lib/rails/rack/logger.rb:16:in `call'
  actionpack (3.2.19) lib/action_dispatch/middleware/request_id.rb:22:in `call'
  rack (1.4.5) lib/rack/methodoverride.rb:21:in `call'
  rack (1.4.5) lib/rack/runtime.rb:17:in `call'
  activesupport (3.2.19) lib/active_support/cache/strategy/local_cache.rb:72:in `call'
  rack (1.4.5) lib/rack/lock.rb:15:in `call'
  actionpack (3.2.19) lib/action_dispatch/middleware/static.rb:63:in `call'
  railties (3.2.19) lib/rails/engine.rb:484:in `call'
  railties (3.2.19) lib/rails/application.rb:231:in `call'
  rack (1.4.5) lib/rack/content_length.rb:14:in `call'
  railties (3.2.19) lib/rails/rack/log_tailer.rb:17:in `call'
  rack (1.4.5) lib/rack/handler/webrick.rb:59:in `service'
  C:/RailsInstaller/Ruby1.9.3/lib/ruby/1.9.1/webrick/httpserver.rb:138:in `service'
  C:/RailsInstaller/Ruby1.9.3/lib/ruby/1.9.1/webrick/httpserver.rb:94:in `run'
  C:/RailsInstaller/Ruby1.9.3/lib/ruby/1.9.1/webrick/server.rb:191:in `block in start_thread'


  Rendered C:/RailsInstaller/Ruby1.9.3/lib/ruby/gems/1.9.1/gems/actionpack-3.2.19/lib/action_dispatch/middleware/templates/rescues/missing_template.erb within rescues/layout (1.0ms)


Started GET "/articles/new" for 127.0.0.1 at 2014-10-15 21:20:45 +0800
Processing by ArticlesController#new as HTML
Completed 500 Internal Server Error in 1.0ms

ActionView::MissingTemplate (Missing template articles/new, application/new with {:locale=>[:en], :formats=>[:html], :handlers=>[:erb, :builder, :coffee]}. Searched in:
  * "C:/Sites/blog/app/views"
):
  actionpack (3.2.19) lib/action_view/path_set.rb:58:in `find'
  actionpack (3.2.19) lib/action_view/lookup_context.rb:122:in `find'
  C:in `find_template'
  actionpack (3.2.19) lib/action_view/renderer/template_renderer.rb:34:in `determine_template'
  actionpack (3.2.19) lib/action_view/renderer/template_renderer.rb:10:in `render'
  actionpack (3.2.19) lib/action_view/renderer/renderer.rb:36:in `render_template'
  actionpack (3.2.19) lib/action_view/renderer/renderer.rb:17:in `render'
  actionpack (3.2.19) lib/abstract_controller/rendering.rb:110:in `_render_template'
  actionpack (3.2.19) lib/action_controller/metal/streaming.rb:225:in `_render_template'
  actionpack (3.2.19) lib/abstract_controller/rendering.rb:103:in `render_to_body'
  actionpack (3.2.19) lib/action_controller/metal/renderers.rb:28:in `render_to_body'
  actionpack (3.2.19) lib/action_controller/metal/compatibility.rb:50:in `render_to_body'
  actionpack (3.2.19) lib/abstract_controller/rendering.rb:88:in `render'
  actionpack (3.2.19) lib/action_controller/metal/rendering.rb:16:in `render'
  actionpack (3.2.19) lib/action_controller/metal/instrumentation.rb:40:in `block (2 levels) in render'
  activesupport (3.2.19) lib/active_support/core_ext/benchmark.rb:5:in `block in ms'
  C:/RailsInstaller/Ruby1.9.3/lib/ruby/1.9.1/benchmark.rb:295:in `realtime'
  activesupport (3.2.19) lib/active_support/core_ext/benchmark.rb:5:in `ms'
  actionpack (3.2.19) lib/action_controller/metal/instrumentation.rb:40:in `block in render'
  actionpack (3.2.19) lib/action_controller/metal/instrumentation.rb:83:in `cleanup_view_runtime'
  activerecord (3.2.19) lib/active_record/railties/controller_runtime.rb:24:in `cleanup_view_runtime'
  actionpack (3.2.19) lib/action_controller/metal/instrumentation.rb:39:in `render'
  actionpack (3.2.19) lib/action_controller/metal/implicit_render.rb:10:in `default_render'
  actionpack (3.2.19) lib/action_controller/metal/implicit_render.rb:5:in `send_action'
  actionpack (3.2.19) lib/abstract_controller/base.rb:167:in `process_action'
  actionpack (3.2.19) lib/action_controller/metal/rendering.rb:10:in `process_action'
  actionpack (3.2.19) lib/abstract_controller/callbacks.rb:18:in `block in process_action'
  activesupport (3.2.19) lib/active_support/callbacks.rb:414:in `_run__918141242__process_action__740569235__callbacks'
  activesupport (3.2.19) lib/active_support/callbacks.rb:405:in `__run_callback'
  activesupport (3.2.19) lib/active_support/callbacks.rb:385:in `_run_process_action_callbacks'
  activesupport (3.2.19) lib/active_support/callbacks.rb:81:in `run_callbacks'
  actionpack (3.2.19) lib/abstract_controller/callbacks.rb:17:in `process_action'
  actionpack (3.2.19) lib/action_controller/metal/rescue.rb:29:in `process_action'
  actionpack (3.2.19) lib/action_controller/metal/instrumentation.rb:30:in `block in process_action'
  activesupport (3.2.19) lib/active_support/notifications.rb:123:in `block in instrument'
  activesupport (3.2.19) lib/active_support/notifications/instrumenter.rb:20:in `instrument'
  activesupport (3.2.19) lib/active_support/notifications.rb:123:in `instrument'
  actionpack (3.2.19) lib/action_controller/metal/instrumentation.rb:29:in `process_action'
  actionpack (3.2.19) lib/action_controller/metal/params_wrapper.rb:207:in `process_action'
  activerecord (3.2.19) lib/active_record/railties/controller_runtime.rb:18:in `process_action'
  actionpack (3.2.19) lib/abstract_controller/base.rb:121:in `process'
  actionpack (3.2.19) lib/abstract_controller/rendering.rb:45:in `process'
  actionpack (3.2.19) lib/action_controller/metal.rb:203:in `dispatch'
  actionpack (3.2.19) lib/action_controller/metal/rack_delegation.rb:14:in `dispatch'
  actionpack (3.2.19) lib/action_controller/metal.rb:246:in `block in action'
  actionpack (3.2.19) lib/action_dispatch/routing/route_set.rb:73:in `call'
  actionpack (3.2.19) lib/action_dispatch/routing/route_set.rb:73:in `dispatch'
  actionpack (3.2.19) lib/action_dispatch/routing/route_set.rb:36:in `call'
  journey (1.0.4) lib/journey/router.rb:68:in `block in call'
  journey (1.0.4) lib/journey/router.rb:56:in `each'
  journey (1.0.4) lib/journey/router.rb:56:in `call'
  actionpack (3.2.19) lib/action_dispatch/routing/route_set.rb:608:in `call'
  actionpack (3.2.19) lib/action_dispatch/middleware/best_standards_support.rb:17:in `call'
  rack (1.4.5) lib/rack/etag.rb:23:in `call'
  rack (1.4.5) lib/rack/conditionalget.rb:25:in `call'
  actionpack (3.2.19) lib/action_dispatch/middleware/head.rb:14:in `call'
  actionpack (3.2.19) lib/action_dispatch/middleware/params_parser.rb:21:in `call'
  actionpack (3.2.19) lib/action_dispatch/middleware/flash.rb:242:in `call'
  rack (1.4.5) lib/rack/session/abstract/id.rb:210:in `context'
  rack (1.4.5) lib/rack/session/abstract/id.rb:205:in `call'
  actionpack (3.2.19) lib/action_dispatch/middleware/cookies.rb:341:in `call'
  activerecord (3.2.19) lib/active_record/query_cache.rb:64:in `call'
  activerecord (3.2.19) lib/active_record/connection_adapters/abstract/connection_pool.rb:479:in `call'
  actionpack (3.2.19) lib/action_dispatch/middleware/callbacks.rb:28:in `block in call'
  activesupport (3.2.19) lib/active_support/callbacks.rb:405:in `_run__171685357__call__652031637__callbacks'
  activesupport (3.2.19) lib/active_support/callbacks.rb:405:in `__run_callback'
  activesupport (3.2.19) lib/active_support/callbacks.rb:385:in `_run_call_callbacks'
  activesupport (3.2.19) lib/active_support/callbacks.rb:81:in `run_callbacks'
  actionpack (3.2.19) lib/action_dispatch/middleware/callbacks.rb:27:in `call'
  actionpack (3.2.19) lib/action_dispatch/middleware/reloader.rb:65:in `call'
  actionpack (3.2.19) lib/action_dispatch/middleware/remote_ip.rb:31:in `call'
  actionpack (3.2.19) lib/action_dispatch/middleware/debug_exceptions.rb:16:in `call'
  actionpack (3.2.19) lib/action_dispatch/middleware/show_exceptions.rb:56:in `call'
  railties (3.2.19) lib/rails/rack/logger.rb:32:in `call_app'
  railties (3.2.19) lib/rails/rack/logger.rb:16:in `block in call'
  activesupport (3.2.19) lib/active_support/tagged_logging.rb:22:in `tagged'
  railties (3.2.19) lib/rails/rack/logger.rb:16:in `call'
  actionpack (3.2.19) lib/action_dispatch/middleware/request_id.rb:22:in `call'
  rack (1.4.5) lib/rack/methodoverride.rb:21:in `call'
  rack (1.4.5) lib/rack/runtime.rb:17:in `call'
  activesupport (3.2.19) lib/active_support/cache/strategy/local_cache.rb:72:in `call'
  rack (1.4.5) lib/rack/lock.rb:15:in `call'
  actionpack (3.2.19) lib/action_dispatch/middleware/static.rb:63:in `call'
  railties (3.2.19) lib/rails/engine.rb:484:in `call'
  railties (3.2.19) lib/rails/application.rb:231:in `call'
  rack (1.4.5) lib/rack/content_length.rb:14:in `call'
  railties (3.2.19) lib/rails/rack/log_tailer.rb:17:in `call'
  rack (1.4.5) lib/rack/handler/webrick.rb:59:in `service'
  C:/RailsInstaller/Ruby1.9.3/lib/ruby/1.9.1/webrick/httpserver.rb:138:in `service'
  C:/RailsInstaller/Ruby1.9.3/lib/ruby/1.9.1/webrick/httpserver.rb:94:in `run'
  C:/RailsInstaller/Ruby1.9.3/lib/ruby/1.9.1/webrick/server.rb:191:in `block in start_thread'


  Rendered C:/RailsInstaller/Ruby1.9.3/lib/ruby/gems/1.9.1/gems/actionpack-3.2.19/lib/action_dispatch/middleware/templates/rescues/missing_template.erb within rescues/layout (0.0ms)


Started GET "/articles/new" for 127.0.0.1 at 2014-10-15 21:23:25 +0800
Processing by ArticlesController#new as HTML
  Rendered articles/new.html.erb within layouts/application (1.0ms)
Warning. Error encountered while saving cache C:/Sites/blog/tmp/cache/sass/67c21fab97d6261650fe1d088438bd3e87d0ff39/articles.css.scssc: can't dump anonymous class #<Class:0x40ae920>
Compiled articles.css  (0ms)  (pid 105140)
Compiled application.css  (15ms)  (pid 105140)
Compiled articles.js  (190ms)  (pid 105140)
Compiled application.js  (204ms)  (pid 105140)
Completed 200 OK in 283.0ms (Views: 283.0ms | ActiveRecord: 0.0ms)


Started GET "/assets/application.css?body=1" for 127.0.0.1 at 2014-10-15 21:23:25 +0800
Served asset /application.css - 304 Not Modified (5ms)


Started GET "/assets/articles.css?body=1" for 127.0.0.1 at 2014-10-15 21:23:25 +0800
Served asset /articles.css - 200 OK (3ms)


Started GET "/assets/welcome.css?body=1" for 127.0.0.1 at 2014-10-15 21:23:25 +0800
Served asset /welcome.css - 304 Not Modified (0ms)


Started GET "/assets/jquery.js?body=1" for 127.0.0.1 at 2014-10-15 21:23:25 +0800
Served asset /jquery.js - 304 Not Modified (0ms)


Started GET "/assets/articles.js?body=1" for 127.0.0.1 at 2014-10-15 21:23:25 +0800
Served asset /articles.js - 200 OK (0ms)


Started GET "/assets/jquery_ujs.js?body=1" for 127.0.0.1 at 2014-10-15 21:23:25 +0800
Served asset /jquery_ujs.js - 304 Not Modified (0ms)


Started GET "/assets/welcome.js?body=1" for 127.0.0.1 at 2014-10-15 21:23:25 +0800
Served asset /welcome.js - 304 Not Modified (0ms)


Started GET "/assets/application.js?body=1" for 127.0.0.1 at 2014-10-15 21:23:25 +0800
Served asset /application.js - 304 Not Modified (15ms)


Started GET "/articles/new" for 127.0.0.1 at 2014-10-15 21:24:21 +0800
Processing by ArticlesController#new as HTML
  Rendered articles/new.html.erb within layouts/application (4.0ms)
Completed 200 OK in 8.0ms (Views: 8.0ms | ActiveRecord: 0.0ms)


Started GET "/assets/welcome.css?body=1" for 127.0.0.1 at 2014-10-15 21:24:21 +0800
Served asset /welcome.css - 304 Not Modified (0ms)


Started GET "/assets/jquery.js?body=1" for 127.0.0.1 at 2014-10-15 21:24:21 +0800
Served asset /jquery.js - 304 Not Modified (0ms)


Started GET "/assets/application.css?body=1" for 127.0.0.1 at 2014-10-15 21:24:21 +0800
Served asset /application.css - 304 Not Modified (0ms)


Started GET "/assets/articles.css?body=1" for 127.0.0.1 at 2014-10-15 21:24:21 +0800
Served asset /articles.css - 304 Not Modified (0ms)


Started GET "/assets/jquery_ujs.js?body=1" for 127.0.0.1 at 2014-10-15 21:24:21 +0800
Served asset /jquery_ujs.js - 304 Not Modified (0ms)


Started GET "/assets/articles.js?body=1" for 127.0.0.1 at 2014-10-15 21:24:22 +0800
Served asset /articles.js - 304 Not Modified (0ms)


Started GET "/assets/welcome.js?body=1" for 127.0.0.1 at 2014-10-15 21:24:22 +0800
Served asset /welcome.js - 304 Not Modified (0ms)


Started GET "/assets/application.js?body=1" for 127.0.0.1 at 2014-10-15 21:24:22 +0800
Served asset /application.js - 304 Not Modified (0ms)


Started POST "/articles/new" for 127.0.0.1 at 2014-10-15 21:24:50 +0800

ActionController::RoutingError (No route matches [POST] "/articles/new"):
  actionpack (3.2.19) lib/action_dispatch/middleware/debug_exceptions.rb:21:in `call'
  actionpack (3.2.19) lib/action_dispatch/middleware/show_exceptions.rb:56:in `call'
  railties (3.2.19) lib/rails/rack/logger.rb:32:in `call_app'
  railties (3.2.19) lib/rails/rack/logger.rb:16:in `block in call'
  activesupport (3.2.19) lib/active_support/tagged_logging.rb:22:in `tagged'
  railties (3.2.19) lib/rails/rack/logger.rb:16:in `call'
  actionpack (3.2.19) lib/action_dispatch/middleware/request_id.rb:22:in `call'
  rack (1.4.5) lib/rack/methodoverride.rb:21:in `call'
  rack (1.4.5) lib/rack/runtime.rb:17:in `call'
  activesupport (3.2.19) lib/active_support/cache/strategy/local_cache.rb:72:in `call'
  rack (1.4.5) lib/rack/lock.rb:15:in `call'
  actionpack (3.2.19) lib/action_dispatch/middleware/static.rb:63:in `call'
  railties (3.2.19) lib/rails/engine.rb:484:in `call'
  railties (3.2.19) lib/rails/application.rb:231:in `call'
  rack (1.4.5) lib/rack/content_length.rb:14:in `call'
  railties (3.2.19) lib/rails/rack/log_tailer.rb:17:in `call'
  rack (1.4.5) lib/rack/handler/webrick.rb:59:in `service'
  C:/RailsInstaller/Ruby1.9.3/lib/ruby/1.9.1/webrick/httpserver.rb:138:in `service'
  C:/RailsInstaller/Ruby1.9.3/lib/ruby/1.9.1/webrick/httpserver.rb:94:in `run'
  C:/RailsInstaller/Ruby1.9.3/lib/ruby/1.9.1/webrick/server.rb:191:in `block in start_thread'


  Rendered C:/RailsInstaller/Ruby1.9.3/lib/ruby/gems/1.9.1/gems/actionpack-3.2.19/lib/action_dispatch/middleware/templates/rescues/routing_error.erb within rescues/layout (0.0ms)
Connecting to database specified by database.yml
Connecting to database specified by database.yml
